c:\users\jarrod\documents\checkers\opengl_engine - checkers\opengl\release\vc120.pdb
c:\users\jarrod\documents\checkers\opengl_engine - checkers\opengl\release\skybox.obj
c:\users\jarrod\documents\checkers\opengl_engine - checkers\opengl\release\object.obj
c:\users\jarrod\documents\checkers\opengl_engine - checkers\opengl\release\main.obj
c:\users\jarrod\documents\checkers\opengl_engine - checkers\opengl\release\freecamera.obj
c:\users\jarrod\documents\checkers\opengl_engine - checkers\opengl\release\camera.obj
c:\users\jarrod\documents\checkers\opengl_engine - checkers\opengl\release\application.obj
c:\users\jarrod\documents\checkers\opengl_engine - checkers\opengl\release\myanttweakbar.obj
c:\users\jarrod\documents\checkers\opengl_engine - checkers\opengl\release\fbxobject.obj
c:\users\jarrod\documents\checkers\opengl_engine - checkers\opengl\release\rendertarget.obj
c:\users\jarrod\documents\checkers\opengl_engine - checkers\opengl\release\networkmanager.obj
c:\users\jarrod\documents\checkers\opengl_engine - checkers\opengl\release\clientapplication.obj
c:\users\jarrod\documents\checkers\opengl_engine - checkers\opengl\release\checkers.obj
c:\users\jarrod\documents\checkers\opengl_engine - checkers\opengl\release\checkerboard.obj
c:\users\jarrod\documents\checkers\opengl_engine - checkers\opengl\release\boardpiece.obj
c:\users\jarrod\documents\checkers\opengl_engine - checkers\opengl\release\gizmos_fix.obj
c:\users\jarrod\documents\checkers\opengl_engine - checkers\opengl\release\gl_core_4_4.obj
c:\users\jarrod\documents\checkers\opengl_engine - checkers\release\opengl.exe
c:\users\jarrod\documents\checkers\opengl_engine - checkers\release\opengl.pdb
c:\users\jarrod\documents\checkers\opengl_engine - checkers\opengl\release\opengl.tlog\cl.command.1.tlog
c:\users\jarrod\documents\checkers\opengl_engine - checkers\opengl\release\opengl.tlog\cl.read.1.tlog
c:\users\jarrod\documents\checkers\opengl_engine - checkers\opengl\release\opengl.tlog\cl.write.1.tlog
c:\users\jarrod\documents\checkers\opengl_engine - checkers\opengl\release\opengl.tlog\link.command.1.tlog
c:\users\jarrod\documents\checkers\opengl_engine - checkers\opengl\release\opengl.tlog\link.read.1.tlog
c:\users\jarrod\documents\checkers\opengl_engine - checkers\opengl\release\opengl.tlog\link.write.1.tlog
