c:\users\jarrod\documents\checkers\opengl_engine - checkers\opengl\debug\vc120.pdb
c:\users\jarrod\documents\checkers\opengl_engine - checkers\opengl\debug\vc120.idb
c:\users\jarrod\documents\checkers\opengl_engine - checkers\opengl\debug\gizmos_fix.obj
c:\users\jarrod\documents\checkers\opengl_engine - checkers\opengl\debug\boardpiece.obj
c:\users\jarrod\documents\checkers\opengl_engine - checkers\opengl\debug\checkerboard.obj
c:\users\jarrod\documents\checkers\opengl_engine - checkers\opengl\debug\checkers.obj
c:\users\jarrod\documents\checkers\opengl_engine - checkers\opengl\debug\clientapplication.obj
c:\users\jarrod\documents\checkers\opengl_engine - checkers\opengl\debug\networkmanager.obj
c:\users\jarrod\documents\checkers\opengl_engine - checkers\opengl\debug\rendertarget.obj
c:\users\jarrod\documents\checkers\opengl_engine - checkers\opengl\debug\fbxobject.obj
c:\users\jarrod\documents\checkers\opengl_engine - checkers\opengl\debug\myanttweakbar.obj
c:\users\jarrod\documents\checkers\opengl_engine - checkers\opengl\debug\application.obj
c:\users\jarrod\documents\checkers\opengl_engine - checkers\opengl\debug\camera.obj
c:\users\jarrod\documents\checkers\opengl_engine - checkers\opengl\debug\freecamera.obj
c:\users\jarrod\documents\checkers\opengl_engine - checkers\opengl\debug\main.obj
c:\users\jarrod\documents\checkers\opengl_engine - checkers\opengl\debug\object.obj
c:\users\jarrod\documents\checkers\opengl_engine - checkers\opengl\debug\skybox.obj
c:\users\jarrod\documents\checkers\opengl_engine - checkers\opengl\debug\gl_core_4_4.obj
c:\users\jarrod\documents\checkers\opengl_engine - checkers\debug\opengl.ilk
c:\users\jarrod\documents\checkers\opengl_engine - checkers\debug\opengl.exe
c:\users\jarrod\documents\checkers\opengl_engine - checkers\debug\opengl.pdb
c:\users\jarrod\documents\checkers\opengl_engine - checkers\opengl\debug\opengl.tlog\cl.command.1.tlog
c:\users\jarrod\documents\checkers\opengl_engine - checkers\opengl\debug\opengl.tlog\cl.read.1.tlog
c:\users\jarrod\documents\checkers\opengl_engine - checkers\opengl\debug\opengl.tlog\cl.write.1.tlog
c:\users\jarrod\documents\checkers\opengl_engine - checkers\opengl\debug\opengl.tlog\link.command.1.tlog
c:\users\jarrod\documents\checkers\opengl_engine - checkers\opengl\debug\opengl.tlog\link.read.1.tlog
c:\users\jarrod\documents\checkers\opengl_engine - checkers\opengl\debug\opengl.tlog\link.write.1.tlog
